<?xml version="1.0" encoding="UTF-8"?>
<!-- Generated by org.testng.reporters.JUnitReportReporter -->
<testsuite hostname="EN1310045" name="unitTests.MockitoCheckNameTest" tests="1" failures="0" timestamp="22 Nov 2018 11:27:23 GMT" time="0.109" errors="0">
  <testcase name="checkDate" time="0.109" classname="unitTests.MockitoCheckNameTest"/>
</testsuite> <!-- unitTests.MockitoCheckNameTest -->
